07/11/2022 12:36:59 PM:root:INFO: Buzz Buzz Where My Honey
07/11/2022 12:36:59 PM:root:INFO: (['AAPL', 'GOOG'], {'1Minute_1Day': 1, '5Minute_5Day': 5, '30Minute_1Month': 18, '1Hour_3Month': 48, '2Hour_6Month': 72, '1Day_1Year': 250})
07/11/2022 12:37:02 PM:root:INFO: {'bishop': 'initiate_ttframe_charts', 'block_timeit': '0:00:03.035679', 'datetime': '2022-07-11_12:37:02_PM'}
07/11/2022 04:01:02 PM:root:INFO: Happy Bee Day End
07/12/2022 12:07:51 PM:root:INFO: Buzz Buzz Where My Honey
07/12/2022 12:07:51 PM:root:INFO: (['AAPL', 'GOOG'], {'1Minute_1Day': 1, '5Minute_5Day': 5, '30Minute_1Month': 18, '1Hour_3Month': 48, '2Hour_6Month': 72, '1Day_1Year': 250})
07/12/2022 12:07:54 PM:root:INFO: {'bishop': 'initiate_ttframe_charts', 'block_timeit': '0:00:03.221205', 'datetime': '2022-07-12_12:07:54_PM'}
07/12/2022 04:01:02 PM:root:INFO: Happy Bee Day End
07/13/2022 10:51:34 AM:root:INFO: Buzz Buzz Where My Honey
07/13/2022 10:51:34 AM:root:INFO: (['AAPL', 'GOOG'], {'1Minute_1Day': 1, '5Minute_5Day': 5, '30Minute_1Month': 18, '1Hour_3Month': 48, '2Hour_6Month': 72, '1Day_1Year': 250})
07/13/2022 10:51:37 AM:root:INFO: {'bishop': 'initiate_ttframe_charts', 'block_timeit': '0:00:02.726068', 'datetime': '2022-07-13_10:51:37_AM'}
07/13/2022 04:01:00 PM:root:INFO: Happy Bee Day End
07/14/2022 11:40:31 AM:root:INFO: Buzz Buzz Where My Honey
07/14/2022 11:40:31 AM:root:INFO: (['AAPL', 'GOOG'], {'1Minute_1Day': 1, '5Minute_5Day': 5, '30Minute_1Month': 18, '1Hour_3Month': 48, '2Hour_6Month': 72, '1Day_1Year': 250})
07/14/2022 11:40:34 AM:root:INFO: {'bishop': 'initiate_ttframe_charts', 'block_timeit': '0:00:02.965530', 'datetime': '2022-07-14_11:40:34_AM'}
07/14/2022 04:01:01 PM:root:INFO: Happy Bee Day End
07/15/2022 10:46:32 AM:root:INFO: Buzz Buzz Where My Honey
07/15/2022 10:46:32 AM:root:INFO: (['AAPL', 'GOOG'], {'1Minute_1Day': 1, '5Minute_5Day': 5, '30Minute_1Month': 18, '1Hour_3Month': 48, '2Hour_6Month': 72, '1Day_1Year': 250})
07/15/2022 10:46:35 AM:root:INFO: {'bishop': 'initiate_ttframe_charts', 'block_timeit': '0:00:02.964790', 'datetime': '2022-07-15_10:46:35_AM'}
07/15/2022 04:01:00 PM:root:INFO: Happy Bee Day End
07/18/2022 09:40:24 AM:root:INFO: Buzz Buzz Where My Honey
07/18/2022 09:40:24 AM:root:INFO: (['AAPL', 'GOOG'], {'1Minute_1Day': 1, '5Minute_5Day': 5, '30Minute_1Month': 18, '1Hour_3Month': 48, '2Hour_6Month': 72, '1Day_1Year': 250})
07/18/2022 09:40:27 AM:root:INFO: {'bishop': 'initiate_ttframe_charts', 'block_timeit': '0:00:02.770566', 'datetime': '2022-07-18_09:40:27_AM'}
07/18/2022 04:01:02 PM:root:INFO: Happy Bee Day End
07/19/2022 09:56:24 AM:root:INFO: Buzz Buzz Where My Honey
07/19/2022 09:56:24 AM:root:INFO: (['AAPL', 'GOOG'], {'1Minute_1Day': 1, '5Minute_5Day': 5, '30Minute_1Month': 18, '1Hour_3Month': 48, '2Hour_6Month': 72, '1Day_1Year': 250})
07/19/2022 09:56:27 AM:root:INFO: {'bishop': 'initiate_ttframe_charts', 'block_timeit': '0:00:02.845464', 'datetime': '2022-07-19_09:56:27_AM'}
07/19/2022 04:01:01 PM:root:INFO: Happy Bee Day End
07/20/2022 09:46:25 AM:root:INFO: Buzz Buzz Where My Honey
07/20/2022 09:46:25 AM:root:INFO: (['AAPL', 'GOOG'], {'1Minute_1Day': 1, '5Minute_5Day': 5, '30Minute_1Month': 18, '1Hour_3Month': 48, '2Hour_6Month': 72, '1Day_1Year': 250})
07/20/2022 09:46:27 AM:root:INFO: {'bishop': 'initiate_ttframe_charts', 'block_timeit': '0:00:02.740470', 'datetime': '2022-07-20_09:46:27_AM'}
07/20/2022 10:02:52 AM:root:INFO: Buzz Buzz Where My Honey
07/20/2022 10:02:52 AM:root:INFO: (['AAPL', 'GOOG'], {'1Minute_1Day': 1, '5Minute_5Day': 5, '30Minute_1Month': 18, '1Hour_3Month': 48, '2Hour_6Month': 72, '1Day_1Year': 250})
07/20/2022 10:02:56 AM:root:INFO: {'bishop': 'initiate_ttframe_charts', 'block_timeit': '0:00:03.468080', 'datetime': '2022-07-20_10:02:56_AM'}
07/20/2022 04:01:03 PM:root:INFO: Happy Bee Day End
07/21/2022 09:35:22 AM:root:INFO: Buzz Buzz Where My Honey
07/21/2022 09:35:22 AM:root:INFO: (['AAPL', 'GOOG'], {'1Minute_1Day': 1, '5Minute_5Day': 5, '30Minute_1Month': 18, '1Hour_3Month': 48, '2Hour_6Month': 72, '1Day_1Year': 250})
07/21/2022 09:35:25 AM:root:INFO: {'bishop': 'initiate_ttframe_charts', 'block_timeit': '0:00:02.760687', 'datetime': '2022-07-21_09:35:25_AM'}
07/21/2022 12:19:45 PM:root:INFO: Buzz Buzz Where My Honey
07/21/2022 12:19:45 PM:root:INFO: (['AAPL', 'GOOG'], {'1Minute_1Day': 1, '5Minute_5Day': 5, '30Minute_1Month': 18, '1Hour_3Month': 48, '2Hour_6Month': 72, '1Day_1Year': 250})
07/21/2022 12:19:48 PM:root:INFO: {'bishop': 'initiate_ttframe_charts', 'block_timeit': '0:00:03.337419', 'datetime': '2022-07-21_12:19:48_PM'}
07/21/2022 01:51:59 PM:root:INFO: ('cycle_time > 5 seconds', '6.40')
07/21/2022 04:01:02 PM:root:INFO: Happy Bee Day End
07/22/2022 09:43:40 AM:root:INFO: Buzz Buzz Where My Honey
07/22/2022 09:43:40 AM:root:INFO: (['AAPL', 'GOOG'], {'1Minute_1Day': 1, '5Minute_5Day': 5, '30Minute_1Month': 18, '1Hour_3Month': 48, '2Hour_6Month': 72, '1Day_1Year': 250})
07/22/2022 09:43:43 AM:root:INFO: {'bishop': 'initiate_ttframe_charts', 'block_timeit': '0:00:03.022421', 'datetime': '2022-07-22_09:43:43_AM'}
07/22/2022 11:11:51 AM:root:INFO: ('cycle_time > 5 seconds', '6.75')
07/22/2022 11:39:23 AM:root:INFO: ('cycle_time > 5 seconds', '6.84')
07/22/2022 11:49:21 AM:root:INFO: ('cycle_time > 5 seconds', '6.23')
07/22/2022 11:49:38 AM:root:INFO: ('cycle_time > 5 seconds', '7.20')
07/22/2022 12:01:54 PM:root:INFO: ('cycle_time > 5 seconds', '6.36')
07/22/2022 12:04:22 PM:root:INFO: ('cycle_time > 5 seconds', '7.50')
07/22/2022 12:07:36 PM:root:INFO: ('cycle_time > 5 seconds', '7.25')
07/22/2022 12:07:45 PM:root:INFO: ('cycle_time > 5 seconds', '9.43')
07/22/2022 12:07:52 PM:root:INFO: ('cycle_time > 5 seconds', '6.95')
07/22/2022 12:07:59 PM:root:INFO: ('cycle_time > 5 seconds', '6.60')
07/22/2022 12:08:48 PM:root:INFO: ('cycle_time > 5 seconds', '9.16')
07/22/2022 12:09:22 PM:root:INFO: ('cycle_time > 5 seconds', '6.73')
07/22/2022 12:09:42 PM:root:INFO: ('cycle_time > 5 seconds', '7.24')
07/22/2022 12:13:18 PM:root:INFO: ('cycle_time > 5 seconds', '6.54')
07/22/2022 12:13:30 PM:root:INFO: ('cycle_time > 5 seconds', '6.85')
07/22/2022 12:13:54 PM:root:INFO: ('cycle_time > 5 seconds', '6.69')
07/22/2022 12:14:20 PM:root:INFO: ('cycle_time > 5 seconds', '6.21')
07/22/2022 12:14:37 PM:root:INFO: ('cycle_time > 5 seconds', '6.33')
07/22/2022 12:19:23 PM:root:INFO: ('cycle_time > 5 seconds', '6.35')
07/22/2022 12:24:22 PM:root:INFO: ('cycle_time > 5 seconds', '6.62')
07/22/2022 12:27:48 PM:root:INFO: ('cycle_time > 5 seconds', '6.38')
07/22/2022 12:28:31 PM:root:INFO: ('cycle_time > 5 seconds', '7.53')
07/22/2022 12:28:59 PM:root:INFO: ('cycle_time > 5 seconds', '8.54')
07/22/2022 12:29:27 PM:root:INFO: ('cycle_time > 5 seconds', '12.73')
07/22/2022 12:29:51 PM:root:INFO: ('cycle_time > 5 seconds', '6.52')
07/22/2022 12:29:57 PM:root:INFO: ('cycle_time > 5 seconds', '6.11')
07/22/2022 12:35:37 PM:root:INFO: ('cycle_time > 5 seconds', '6.38')
07/22/2022 12:37:16 PM:root:INFO: ('cycle_time > 5 seconds', '8.82')
07/22/2022 12:37:30 PM:root:INFO: ('cycle_time > 5 seconds', '13.21')
07/22/2022 12:38:23 PM:root:INFO: ('cycle_time > 5 seconds', '7.15')
07/22/2022 12:39:09 PM:root:INFO: ('cycle_time > 5 seconds', '6.72')
07/22/2022 12:39:16 PM:root:INFO: ('cycle_time > 5 seconds', '7.57')
07/22/2022 12:39:22 PM:root:INFO: ('cycle_time > 5 seconds', '6.20')
07/22/2022 12:39:40 PM:root:INFO: ('cycle_time > 5 seconds', '6.49')
07/22/2022 12:39:47 PM:root:INFO: ('cycle_time > 5 seconds', '7.36')
07/22/2022 12:39:56 PM:root:INFO: ('cycle_time > 5 seconds', '8.68')
07/22/2022 12:40:28 PM:root:INFO: ('cycle_time > 5 seconds', '9.63')
07/22/2022 12:40:35 PM:root:INFO: ('cycle_time > 5 seconds', '6.96')
07/22/2022 12:41:46 PM:root:INFO: ('cycle_time > 5 seconds', '6.19')
07/22/2022 12:59:56 PM:root:INFO: ('cycle_time > 5 seconds', '6.14')
07/22/2022 03:56:32 PM:root:INFO: ('cycle_time > 5 seconds', '13.14')
07/22/2022 03:58:39 PM:root:INFO: ('cycle_time > 5 seconds', '8.62')
07/22/2022 03:59:02 PM:root:INFO: ('cycle_time > 5 seconds', '7.95')
07/22/2022 03:59:45 PM:root:INFO: ('cycle_time > 5 seconds', '6.12')
07/22/2022 04:01:00 PM:root:INFO: Happy Bee Day End
07/25/2022 10:27:20 AM:root:INFO: Buzz Buzz Where My Honey
07/25/2022 10:27:20 AM:root:INFO: (['AAPL', 'GOOG'], {'1Minute_1Day': 1, '5Minute_5Day': 5, '30Minute_1Month': 18, '1Hour_3Month': 48, '2Hour_6Month': 72, '1Day_1Year': 250})
07/25/2022 10:27:25 AM:root:INFO: {'bishop': 'initiate_ttframe_charts', 'block_timeit': '0:00:04.546926', 'datetime': '2022-07-25_10:27:25_AM'}
07/25/2022 10:42:55 AM:root:INFO: ('cycle_time > 5 seconds', '7.58')
07/25/2022 10:43:03 AM:root:INFO: ('cycle_time > 5 seconds', '7.59')
07/25/2022 10:45:50 AM:root:INFO: ('cycle_time > 5 seconds', '6.55')
07/25/2022 12:35:38 PM:root:INFO: ('cycle_time > 5 seconds', '6.28')
07/25/2022 01:09:48 PM:root:INFO: ('cycle_time > 5 seconds', '6.60')
07/25/2022 01:12:07 PM:root:INFO: ('cycle_time > 5 seconds', '6.43')
07/25/2022 01:29:15 PM:root:INFO: ('cycle_time > 5 seconds', '6.50')
07/25/2022 01:48:26 PM:root:INFO: ('cycle_time > 5 seconds', '6.30')
07/25/2022 01:48:57 PM:root:INFO: ('cycle_time > 5 seconds', '6.29')
07/25/2022 02:14:12 PM:root:INFO: ('cycle_time > 5 seconds', '6.49')
07/25/2022 02:34:26 PM:root:INFO: ('cycle_time > 5 seconds', '6.13')
07/25/2022 02:34:44 PM:root:INFO: ('cycle_time > 5 seconds', '6.13')
07/25/2022 02:38:31 PM:root:INFO: ('cycle_time > 5 seconds', '9.19')
07/25/2022 02:38:52 PM:root:INFO: ('cycle_time > 5 seconds', '8.90')
07/25/2022 02:39:32 PM:root:INFO: ('cycle_time > 5 seconds', '10.13')
07/25/2022 02:39:39 PM:root:INFO: ('cycle_time > 5 seconds', '6.49')
07/25/2022 02:45:59 PM:root:INFO: ('cycle_time > 5 seconds', '6.28')
07/25/2022 03:07:07 PM:root:INFO: ('cycle_time > 5 seconds', '6.16')
07/25/2022 03:07:53 PM:root:INFO: ('cycle_time > 5 seconds', '6.11')
07/25/2022 03:08:59 PM:root:INFO: ('cycle_time > 5 seconds', '7.39')
07/25/2022 03:34:35 PM:root:INFO: ('cycle_time > 5 seconds', '6.59')
07/25/2022 03:34:52 PM:root:INFO: ('cycle_time > 5 seconds', '6.70')
07/25/2022 03:40:57 PM:root:INFO: ('cycle_time > 5 seconds', '6.60')
07/25/2022 03:42:14 PM:root:INFO: ('cycle_time > 5 seconds', '6.20')
07/25/2022 03:44:49 PM:root:INFO: ('cycle_time > 5 seconds', '6.92')
07/25/2022 03:48:09 PM:root:INFO: ('cycle_time > 5 seconds', '6.75')
07/25/2022 03:49:43 PM:root:INFO: ('cycle_time > 5 seconds', '9.35')
07/25/2022 04:01:00 PM:root:INFO: Happy Bee Day End
07/26/2022 10:44:14 AM:root:INFO: Buzz Buzz Where My Honey
07/26/2022 10:44:14 AM:root:INFO: (['AAPL', 'GOOG'], {'1Minute_1Day': 1, '5Minute_5Day': 5, '30Minute_1Month': 18, '1Hour_3Month': 48, '2Hour_6Month': 72, '1Day_1Year': 250})
07/26/2022 10:44:18 AM:root:INFO: {'bishop': 'initiate_ttframe_charts', 'block_timeit': '0:00:03.555754', 'datetime': '2022-07-26_10:44:18_AM'}
07/26/2022 10:49:36 AM:root:INFO: ('cycle_time > 5 seconds', '10.76')
07/26/2022 11:56:59 AM:root:INFO: ('cycle_time > 5 seconds', '8.90')
07/26/2022 01:40:47 PM:root:INFO: ('cycle_time > 5 seconds', '10.61')
07/26/2022 01:52:05 PM:root:INFO: ('cycle_time > 5 seconds', '7.57')
07/26/2022 04:01:02 PM:root:INFO: Happy Bee Day End
07/27/2022 09:40:15 AM:root:INFO: Buzz Buzz Where My Honey
07/27/2022 09:40:15 AM:root:INFO: (['AAPL', 'GOOG'], {'1Minute_1Day': 1, '5Minute_5Day': 5, '30Minute_1Month': 18, '1Hour_3Month': 48, '2Hour_6Month': 72, '1Day_1Year': 250})
07/27/2022 09:40:19 AM:root:INFO: {'bishop': 'initiate_ttframe_charts', 'block_timeit': '0:00:03.399500', 'datetime': '2022-07-27_09:40:19_AM'}
07/27/2022 12:20:12 PM:root:INFO: ('cycle_time > 5 seconds', '7.91')
07/27/2022 12:20:19 PM:root:INFO: ('cycle_time > 5 seconds', '6.60')
07/27/2022 01:55:10 PM:root:INFO: ('cycle_time > 5 seconds', '6.97')
07/27/2022 02:14:32 PM:root:INFO: ('cycle_time > 5 seconds', '7.22')
07/27/2022 02:14:38 PM:root:INFO: ('cycle_time > 5 seconds', '6.72')
07/27/2022 02:21:00 PM:root:INFO: ('cycle_time > 5 seconds', '6.96')
07/27/2022 02:22:25 PM:root:INFO: ('cycle_time > 5 seconds', '6.56')
07/27/2022 02:24:10 PM:root:INFO: ('cycle_time > 5 seconds', '6.68')
07/27/2022 02:26:57 PM:root:INFO: ('cycle_time > 5 seconds', '6.74')
07/27/2022 02:27:06 PM:root:INFO: ('cycle_time > 5 seconds', '9.21')
07/27/2022 02:32:33 PM:root:INFO: ('cycle_time > 5 seconds', '7.53')
07/27/2022 02:33:35 PM:root:INFO: ('cycle_time > 5 seconds', '8.96')
07/27/2022 02:33:46 PM:root:INFO: ('cycle_time > 5 seconds', '6.24')
07/27/2022 02:34:40 PM:root:INFO: ('cycle_time > 5 seconds', '7.14')
07/27/2022 02:47:31 PM:root:INFO: ('cycle_time > 5 seconds', '6.64')
07/27/2022 02:49:41 PM:root:INFO: ('cycle_time > 5 seconds', '9.77')
07/27/2022 02:50:02 PM:root:INFO: ('cycle_time > 5 seconds', '6.23')
07/27/2022 02:58:01 PM:root:INFO: ('cycle_time > 5 seconds', '9.75')
07/27/2022 02:59:43 PM:root:INFO: ('cycle_time > 5 seconds', '6.19')
07/27/2022 03:01:39 PM:root:INFO: ('cycle_time > 5 seconds', '6.28')
07/27/2022 03:08:15 PM:root:INFO: ('cycle_time > 5 seconds', '7.27')
07/27/2022 03:09:12 PM:root:INFO: ('cycle_time > 5 seconds', '6.48')
07/27/2022 03:09:39 PM:root:INFO: ('cycle_time > 5 seconds', '6.34')
07/27/2022 03:12:50 PM:root:INFO: ('cycle_time > 5 seconds', '8.66')
07/27/2022 03:13:15 PM:root:INFO: ('cycle_time > 5 seconds', '8.50')
07/27/2022 03:15:29 PM:root:INFO: ('cycle_time > 5 seconds', '8.83')
07/27/2022 03:16:27 PM:root:INFO: ('cycle_time > 5 seconds', '7.29')
07/27/2022 03:17:39 PM:root:INFO: ('cycle_time > 5 seconds', '6.66')
07/27/2022 03:17:49 PM:root:INFO: ('cycle_time > 5 seconds', '6.73')
07/27/2022 03:18:14 PM:root:INFO: ('cycle_time > 5 seconds', '6.57')
07/27/2022 03:19:02 PM:root:INFO: ('cycle_time > 5 seconds', '7.55')
07/27/2022 03:20:25 PM:root:INFO: ('cycle_time > 5 seconds', '6.20')
07/27/2022 03:20:52 PM:root:INFO: ('cycle_time > 5 seconds', '6.62')
07/27/2022 03:23:15 PM:root:INFO: ('cycle_time > 5 seconds', '7.60')
07/27/2022 03:24:32 PM:root:INFO: ('cycle_time > 5 seconds', '6.69')
07/27/2022 03:25:22 PM:root:INFO: ('cycle_time > 5 seconds', '6.24')
07/27/2022 03:27:37 PM:root:INFO: ('cycle_time > 5 seconds', '6.55')
07/27/2022 03:29:32 PM:root:INFO: ('cycle_time > 5 seconds', '6.15')
07/27/2022 03:29:39 PM:root:INFO: ('cycle_time > 5 seconds', '6.32')
07/27/2022 03:33:52 PM:root:INFO: ('cycle_time > 5 seconds', '9.60')
07/27/2022 03:34:12 PM:root:INFO: ('cycle_time > 5 seconds', '6.81')
07/27/2022 03:34:29 PM:root:INFO: ('cycle_time > 5 seconds', '6.28')
07/27/2022 03:35:23 PM:root:INFO: ('cycle_time > 5 seconds', '8.26')
07/27/2022 03:35:40 PM:root:INFO: ('cycle_time > 5 seconds', '7.53')
07/27/2022 03:37:09 PM:root:INFO: ('cycle_time > 5 seconds', '9.44')
07/27/2022 03:37:29 PM:root:INFO: ('cycle_time > 5 seconds', '8.75')
07/27/2022 03:38:07 PM:root:INFO: ('cycle_time > 5 seconds', '6.75')
07/27/2022 03:38:25 PM:root:INFO: ('cycle_time > 5 seconds', '6.17')
07/27/2022 03:39:25 PM:root:INFO: ('cycle_time > 5 seconds', '6.86')
07/27/2022 03:39:32 PM:root:INFO: ('cycle_time > 5 seconds', '6.82')
07/27/2022 03:40:32 PM:root:INFO: ('cycle_time > 5 seconds', '6.95')
07/27/2022 03:40:39 PM:root:INFO: ('cycle_time > 5 seconds', '6.33')
07/27/2022 03:41:14 PM:root:INFO: ('cycle_time > 5 seconds', '6.64')
07/27/2022 03:42:39 PM:root:INFO: ('cycle_time > 5 seconds', '9.33')
07/27/2022 03:42:50 PM:root:INFO: ('cycle_time > 5 seconds', '6.33')
07/27/2022 03:44:05 PM:root:INFO: ('cycle_time > 5 seconds', '9.25')
07/27/2022 03:44:13 PM:root:INFO: ('cycle_time > 5 seconds', '7.33')
07/27/2022 03:44:24 PM:root:INFO: ('cycle_time > 5 seconds', '6.30')
07/27/2022 03:45:03 PM:root:INFO: ('cycle_time > 5 seconds', '9.23')
07/27/2022 03:45:26 PM:root:INFO: ('cycle_time > 5 seconds', '9.81')
07/27/2022 03:45:51 PM:root:INFO: ('cycle_time > 5 seconds', '9.24')
07/27/2022 03:46:03 PM:root:INFO: ('cycle_time > 5 seconds', '6.15')
07/27/2022 03:47:40 PM:root:INFO: ('cycle_time > 5 seconds', '7.33')
07/27/2022 03:49:14 PM:root:INFO: ('cycle_time > 5 seconds', '7.20')
07/27/2022 03:53:38 PM:root:INFO: ('cycle_time > 5 seconds', '6.10')
07/27/2022 03:54:24 PM:root:INFO: ('cycle_time > 5 seconds', '6.99')
07/27/2022 03:55:38 PM:root:INFO: ('cycle_time > 5 seconds', '6.43')
07/27/2022 03:57:04 PM:root:INFO: ('cycle_time > 5 seconds', '7.10')
07/27/2022 03:59:24 PM:root:INFO: ('cycle_time > 5 seconds', '6.18')
07/27/2022 03:59:35 PM:root:INFO: ('cycle_time > 5 seconds', '7.68')
07/27/2022 04:01:01 PM:root:INFO: Happy Bee Day End
07/28/2022 10:25:43 AM:root:INFO: Buzz Buzz Where My Honey
07/28/2022 10:25:43 AM:root:INFO: (['AAPL', 'GOOG'], {'1Minute_1Day': 1, '5Minute_5Day': 5, '30Minute_1Month': 18, '1Hour_3Month': 48, '2Hour_6Month': 72, '1Day_1Year': 250})
07/28/2022 10:25:49 AM:root:INFO: {'bishop': 'initiate_ttframe_charts', 'block_timeit': '0:00:05.398918', 'datetime': '2022-07-28_10:25:49_AM'}
07/28/2022 11:11:01 AM:root:INFO: ('cycle_time > 5 seconds', '10.46')
07/28/2022 11:19:27 AM:root:INFO: ('cycle_time > 5 seconds', '8.87')
07/28/2022 11:19:35 AM:root:INFO: ('cycle_time > 5 seconds', '7.74')
07/28/2022 01:03:09 PM:root:INFO: ('cycle_time > 5 seconds', '6.52')
07/28/2022 01:03:15 PM:root:INFO: ('cycle_time > 5 seconds', '6.39')
07/28/2022 01:03:23 PM:root:INFO: ('cycle_time > 5 seconds', '7.80')
07/28/2022 01:03:30 PM:root:INFO: ('cycle_time > 5 seconds', '7.64')
07/28/2022 01:04:15 PM:root:INFO: ('cycle_time > 5 seconds', '6.75')
07/28/2022 01:15:15 PM:root:INFO: ('cycle_time > 5 seconds', '8.53')
07/28/2022 01:21:48 PM:root:INFO: ('cycle_time > 5 seconds', '9.77')
07/28/2022 03:21:47 PM:root:INFO: ('cycle_time > 5 seconds', '11.88')
07/29/2022 09:42:24 AM:root:INFO: Buzz Buzz Where My Honey
07/29/2022 09:42:24 AM:root:INFO: (['AAPL', 'GOOG'], {'1Minute_1Day': 1, '5Minute_5Day': 5, '30Minute_1Month': 18, '1Hour_3Month': 48, '2Hour_6Month': 72, '1Day_1Year': 250})
07/29/2022 09:42:27 AM:root:INFO: {'bishop': 'initiate_ttframe_charts', 'block_timeit': '0:00:03.235826', 'datetime': '2022-07-29_09:42:27_AM'}
07/29/2022 01:00:34 PM:root:INFO: ('cycle_time > 5 seconds', '7.34')
07/29/2022 02:35:49 PM:root:INFO: ('cycle_time > 5 seconds', '8.61')
07/29/2022 04:01:01 PM:root:INFO: Happy Bee Day End
08/01/2022 11:46:36 AM:root:INFO: Buzz Buzz Where My Honey
08/01/2022 11:46:36 AM:root:INFO: (['AAPL', 'GOOG'], {'1Minute_1Day': 1, '5Minute_5Day': 5, '30Minute_1Month': 18, '1Hour_3Month': 48, '2Hour_6Month': 72, '1Day_1Year': 250})
08/01/2022 11:46:39 AM:root:INFO: {'bishop': 'initiate_ttframe_charts', 'block_timeit': '0:00:03.367880', 'datetime': '2022-08-01_11:46:39_AM'}
08/01/2022 12:17:56 PM:root:INFO: Buzz Buzz Where My Honey
08/01/2022 12:17:56 PM:root:INFO: (['AAPL', 'GOOG'], {'1Minute_1Day': 1, '5Minute_5Day': 5, '30Minute_1Month': 18, '1Hour_3Month': 48, '2Hour_6Month': 72, '1Day_1Year': 250})
08/01/2022 12:17:59 PM:root:INFO: {'bishop': 'initiate_ttframe_charts', 'block_timeit': '0:00:03.356261', 'datetime': '2022-08-01_12:17:59_PM'}
08/01/2022 04:01:00 PM:root:INFO: Happy Bee Day End
08/02/2022 10:38:13 AM:root:INFO: Buzz Buzz Where My Honey
08/02/2022 10:38:13 AM:root:INFO: (['AAPL', 'GOOG'], {'1Minute_1Day': 1, '5Minute_5Day': 5, '30Minute_1Month': 18, '1Hour_3Month': 48, '2Hour_6Month': 72, '1Day_1Year': 250})
08/02/2022 10:38:16 AM:root:INFO: {'bishop': 'initiate_ttframe_charts', 'block_timeit': '0:00:03.036592', 'datetime': '2022-08-02_10:38:16_AM'}
08/02/2022 10:44:56 AM:root:INFO: ('cycle_time > 5 seconds', '6.20')
08/02/2022 10:45:31 AM:root:INFO: ('cycle_time > 5 seconds', '6.56')
08/02/2022 10:45:38 AM:root:INFO: ('cycle_time > 5 seconds', '6.27')
08/02/2022 10:46:01 AM:root:INFO: ('cycle_time > 5 seconds', '6.82')
08/02/2022 10:50:32 AM:root:INFO: ('cycle_time > 5 seconds', '7.59')
08/02/2022 10:52:29 AM:root:INFO: ('cycle_time > 5 seconds', '6.46')
08/02/2022 12:16:08 PM:root:INFO: ('cycle_time > 5 seconds', '9.38')
08/02/2022 12:16:44 PM:root:INFO: ('cycle_time > 5 seconds', '6.95')
08/02/2022 12:53:17 PM:root:INFO: ('cycle_time > 5 seconds', '7.82')
08/02/2022 01:24:11 PM:root:INFO: ('cycle_time > 5 seconds', '13.79')
08/02/2022 01:24:25 PM:root:INFO: ('cycle_time > 5 seconds', '9.33')
08/02/2022 03:42:42 PM:root:INFO: ('cycle_time > 5 seconds', '12.59')
08/02/2022 04:01:00 PM:root:INFO: Happy Bee Day End
08/03/2022 09:36:52 AM:root:INFO: Buzz Buzz Where My Honey
08/03/2022 09:36:52 AM:root:INFO: (['AAPL', 'GOOG'], {'1Minute_1Day': 1, '5Minute_5Day': 5, '30Minute_1Month': 18, '1Hour_3Month': 48, '2Hour_6Month': 72, '1Day_1Year': 250})
08/03/2022 09:36:55 AM:root:INFO: {'bishop': 'initiate_ttframe_charts', 'block_timeit': '0:00:03.024786', 'datetime': '2022-08-03_09:36:55_AM'}
08/03/2022 10:28:59 AM:root:INFO: ('cycle_time > 5 seconds', '6.82')
08/03/2022 11:09:13 AM:root:INFO: ('cycle_time > 5 seconds', '6.29')
08/03/2022 12:04:10 PM:root:INFO: ('cycle_time > 5 seconds', '8.45')
08/03/2022 12:20:34 PM:root:INFO: ('cycle_time > 5 seconds', '6.55')
08/03/2022 01:01:25 PM:root:INFO: ('cycle_time > 5 seconds', '6.73')
08/03/2022 02:26:33 PM:root:INFO: ('cycle_time > 5 seconds', '6.12')
08/03/2022 02:31:05 PM:root:INFO: ('cycle_time > 5 seconds', '7.69')
08/03/2022 02:44:30 PM:root:INFO: ('cycle_time > 5 seconds', '7.91')
08/03/2022 03:02:57 PM:root:INFO: ('cycle_time > 5 seconds', '10.52')
08/03/2022 03:03:03 PM:root:INFO: ('cycle_time > 5 seconds', '6.28')
08/03/2022 03:03:40 PM:root:INFO: ('cycle_time > 5 seconds', '6.26')
08/03/2022 03:16:23 PM:root:INFO: ('cycle_time > 5 seconds', '6.53')
08/03/2022 03:34:42 PM:root:INFO: ('cycle_time > 5 seconds', '6.48')
08/03/2022 04:01:00 PM:root:INFO: Happy Bee Day End
08/04/2022 10:52:18 AM:root:INFO: Buzz Buzz Where My Honey
08/04/2022 10:52:18 AM:root:INFO: (['AAPL', 'GOOG'], {'1Minute_1Day': 1, '5Minute_5Day': 5, '30Minute_1Month': 18, '1Hour_3Month': 48, '2Hour_6Month': 72, '1Day_1Year': 250})
08/04/2022 10:52:21 AM:root:INFO: {'bishop': 'initiate_ttframe_charts', 'block_timeit': '0:00:03.039868', 'datetime': '2022-08-04_10:52:21_AM'}
08/04/2022 10:56:21 AM:root:INFO: ('cycle_time > 5 seconds', '8.72')
08/04/2022 10:56:27 AM:root:INFO: ('cycle_time > 5 seconds', '6.45')
08/04/2022 12:02:59 PM:root:INFO: ('cycle_time > 5 seconds', '7.53')
08/04/2022 12:40:45 PM:root:INFO: ('cycle_time > 5 seconds', '8.83')
08/04/2022 12:40:53 PM:root:INFO: ('cycle_time > 5 seconds', '7.80')
08/04/2022 12:41:03 PM:root:INFO: ('cycle_time > 5 seconds', '6.65')
08/04/2022 12:41:25 PM:root:INFO: ('cycle_time > 5 seconds', '6.39')
08/19/2022 11:41:14 AM:root:INFO: Buzz Buzz Where My Honey
08/19/2022 11:41:14 AM:root:INFO: (['AAPL', 'GOOG', 'META', 'TSLA', 'SOFI', 'HD'], {'1Minute_1Day': 1, '5Minute_5Day': 5, '30Minute_1Month': 18, '1Hour_3Month': 48, '2Hour_6Month': 72, '1Day_1Year': 250})
08/19/2022 11:41:23 AM:root:INFO: {'bishop': 'initiate_ttframe_charts', 'block_timeit': '0:00:09.201440', 'datetime': '2022-08-19_11:41:23_AM'}
08/19/2022 11:41:33 AM:root:INFO: ('cycle_time > 5 seconds', '10.26')
08/19/2022 11:41:42 AM:root:INFO: ('cycle_time > 5 seconds', '8.85')
08/19/2022 11:41:51 AM:root:INFO: ('cycle_time > 5 seconds', '9.80')
08/19/2022 11:42:00 AM:root:INFO: ('cycle_time > 5 seconds', '8.96')
08/19/2022 11:42:10 AM:root:INFO: ('cycle_time > 5 seconds', '9.64')
08/19/2022 11:42:19 AM:root:INFO: ('cycle_time > 5 seconds', '9.54')
08/19/2022 11:42:28 AM:root:INFO: ('cycle_time > 5 seconds', '9.92')
08/19/2022 11:42:37 AM:root:INFO: ('cycle_time > 5 seconds', '9.16')
08/19/2022 11:42:48 AM:root:INFO: ('cycle_time > 5 seconds', '10.34')
08/19/2022 11:42:58 AM:root:INFO: ('cycle_time > 5 seconds', '9.89')
08/19/2022 11:43:07 AM:root:INFO: ('cycle_time > 5 seconds', '8.99')
08/19/2022 11:43:17 AM:root:INFO: ('cycle_time > 5 seconds', '10.49')
08/19/2022 11:43:26 AM:root:INFO: ('cycle_time > 5 seconds', '9.36')
08/19/2022 11:43:36 AM:root:INFO: ('cycle_time > 5 seconds', '9.56')
08/19/2022 11:43:46 AM:root:INFO: ('cycle_time > 5 seconds', '9.71')
08/19/2022 11:43:56 AM:root:INFO: ('cycle_time > 5 seconds', '10.20')
08/19/2022 11:44:06 AM:root:INFO: ('cycle_time > 5 seconds', '9.70')
08/19/2022 11:44:13 AM:root:INFO: Buzz Buzz Where My Honey
08/19/2022 11:44:13 AM:root:INFO: (['AAPL', 'GOOG', 'META', 'SOFI', 'HD'], {'1Minute_1Day': 1, '5Minute_5Day': 5, '30Minute_1Month': 18, '1Hour_3Month': 48, '2Hour_6Month': 72, '1Day_1Year': 250})
08/19/2022 11:44:21 AM:root:INFO: {'bishop': 'initiate_ttframe_charts', 'block_timeit': '0:00:07.592157', 'datetime': '2022-08-19_11:44:21_AM'}
08/19/2022 04:01:05 PM:root:INFO: Happy Bee Day End
08/30/2022 10:34:45 AM:root:INFO: Buzz Buzz Where My Honey
08/30/2022 10:34:45 AM:root:INFO: (['META', 'GOOG', 'HD'], {'1Minute_1Day': 1, '5Minute_5Day': 5, '30Minute_1Month': 18, '1Hour_3Month': 48, '2Hour_6Month': 72, '1Day_1Year': 250})
08/30/2022 10:34:50 AM:root:INFO: {'bishop': 'initiate ttframe charts', 'block_timeit': '0:00:04.562125', 'datetime': '2022-08-30_10:34:50_AM'}
08/30/2022 10:37:55 AM:blib2to3.pgen2.driver:INFO: Generating grammar tables from /Users/stefanstapinski/Jq/lib/python3.9/site-packages/blib2to3/Grammar.txt
08/30/2022 10:37:55 AM:blib2to3.pgen2.driver:INFO: Writing grammar tables to /Users/stefanstapinski/Library/Caches/black/22.1.0/Grammar3.9.9.final.0.pickle
08/30/2022 10:37:55 AM:blib2to3.pgen2.driver:INFO: Writing failed: [Errno 2] No such file or directory: '/Users/stefanstapinski/Library/Caches/black/22.1.0/tmpo75291bx'
08/30/2022 10:37:55 AM:blib2to3.pgen2.driver:INFO: Generating grammar tables from /Users/stefanstapinski/Jq/lib/python3.9/site-packages/blib2to3/PatternGrammar.txt
08/30/2022 10:37:55 AM:blib2to3.pgen2.driver:INFO: Writing grammar tables to /Users/stefanstapinski/Library/Caches/black/22.1.0/PatternGrammar3.9.9.final.0.pickle
08/30/2022 10:37:55 AM:blib2to3.pgen2.driver:INFO: Writing failed: [Errno 2] No such file or directory: '/Users/stefanstapinski/Library/Caches/black/22.1.0/tmpz5oxeq1a'
08/30/2022 10:40:13 AM:root:CRITICAL: {'type': 'ProgramCrash', 'lineerror': None}
08/30/2022 10:40:23 AM:root:INFO: Buzz Buzz Where My Honey
08/30/2022 10:40:24 AM:root:INFO: (['META', 'GOOG', 'HD'], {'1Minute_1Day': 1, '5Minute_5Day': 5, '30Minute_1Month': 18, '1Hour_3Month': 48, '2Hour_6Month': 72, '1Day_1Year': 250})
08/30/2022 10:40:30 AM:root:INFO: {'bishop': 'initiate ttframe charts', 'block_timeit': '0:00:06.536223', 'datetime': '2022-08-30_10:40:30_AM'}
08/30/2022 10:40:40 AM:blib2to3.pgen2.driver:INFO: Generating grammar tables from /Users/stefanstapinski/Jq/lib/python3.9/site-packages/blib2to3/Grammar.txt
08/30/2022 10:40:40 AM:blib2to3.pgen2.driver:INFO: Writing grammar tables to /Users/stefanstapinski/Library/Caches/black/22.1.0/Grammar3.9.9.final.0.pickle
08/30/2022 10:40:40 AM:blib2to3.pgen2.driver:INFO: Writing failed: [Errno 2] No such file or directory: '/Users/stefanstapinski/Library/Caches/black/22.1.0/tmpoitiv998'
08/30/2022 10:40:40 AM:blib2to3.pgen2.driver:INFO: Generating grammar tables from /Users/stefanstapinski/Jq/lib/python3.9/site-packages/blib2to3/PatternGrammar.txt
08/30/2022 10:40:40 AM:blib2to3.pgen2.driver:INFO: Writing grammar tables to /Users/stefanstapinski/Library/Caches/black/22.1.0/PatternGrammar3.9.9.final.0.pickle
08/30/2022 10:40:40 AM:blib2to3.pgen2.driver:INFO: Writing failed: [Errno 2] No such file or directory: '/Users/stefanstapinski/Library/Caches/black/22.1.0/tmpwv_2icyq'
08/30/2022 10:40:40 AM:root:CRITICAL: {'type': 'ProgramCrash', 'lineerror': None}
08/30/2022 02:58:43 PM:root:INFO: Buzz Buzz Where My Honey
08/30/2022 02:58:43 PM:root:INFO: (['META', 'GOOG', 'HD'], {'1Minute_1Day': 1, '5Minute_5Day': 5, '30Minute_1Month': 18, '1Hour_3Month': 48, '2Hour_6Month': 72, '1Day_1Year': 250})
08/30/2022 02:58:48 PM:root:INFO: {'bishop': 'initiate ttframe charts', 'block_timeit': '0:00:04.344229', 'datetime': '2022-08-30_14:58:48_PM'}
08/30/2022 03:43:13 PM:root:INFO: Buzz Buzz Where My Honey
08/30/2022 03:43:13 PM:root:INFO: (['META', 'GOOG', 'HD'], {'1Minute_1Day': 1, '5Minute_5Day': 5, '30Minute_1Month': 18, '1Hour_3Month': 48, '2Hour_6Month': 72, '1Day_1Year': 250})
08/30/2022 03:43:18 PM:root:INFO: {'bishop': 'initiate ttframe charts', 'block_timeit': '0:00:05.124498', 'datetime': '2022-08-30_15:43:18_PM'}
09/19/2022 09:38:56 AM:root:INFO: Buzz Buzz Where My Honey
09/19/2022 09:38:57 AM:root:INFO: (['META', 'GOOG', 'HD'], {'1Minute_1Day': 1, '5Minute_5Day': 5, '30Minute_1Month': 18, '1Hour_3Month': 48, '2Hour_6Month': 72, '1Day_1Year': 250})
09/19/2022 09:39:06 AM:root:INFO: {'bishop': 'initiate ttframe charts', 'block_timeit': '0:00:09.479652', 'datetime': '2022-09-19_09:39:06_AM'}
